<?xml version="1.0" encoding="UTF-8"?>
<!-- Generated by org.testng.reporters.JUnitReportReporter -->
<testsuite hostname="ganesh" name="BasicTestNGAnnotations.VideoStatus" tests="3" failures="0" timestamp="19 Oct 2019 07:00:06 GMT" time="0.005" errors="0">
  <testcase name="test2" time="0.001" classname="BasicTestNGAnnotations.VideoStatus"/>
  <testcase name="test1" time="0.002" classname="BasicTestNGAnnotations.VideoStatus"/>
  <testcase name="test3" time="0.002" classname="BasicTestNGAnnotations.VideoStatus"/>
</testsuite> <!-- BasicTestNGAnnotations.VideoStatus -->
