<?xml version="1.0" encoding="UTF-8"?>
<!-- Generated by org.testng.reporters.JUnitReportReporter -->
<testsuite hostname="ganesh" name="BasicSelenium.FirstSeleniumClass" tests="1" failures="0" timestamp="9 Nov 2019 05:54:27 GMT" time="116.533" errors="0">
  <testcase name="test1" time="116.533" classname="BasicSelenium.FirstSeleniumClass"/>
</testsuite> <!-- BasicSelenium.FirstSeleniumClass -->
