<?xml version="1.0" encoding="UTF-8"?>
<!-- Generated by org.testng.reporters.JUnitReportReporter -->
<testsuite hostname="ganesh" name="BasicSelenium.SeleniumClass2" tests="1" failures="0" timestamp="10 Nov 2019 04:19:11 GMT" time="34.073" errors="0">
  <testcase name="SelectTripType" time="34.073" classname="BasicSelenium.SeleniumClass2"/>
</testsuite> <!-- BasicSelenium.SeleniumClass2 -->
