<?xml version="1.0" encoding="UTF-8"?>
<!-- Generated by org.testng.reporters.JUnitReportReporter -->
<testsuite hostname="ganesh" name="collections.SetInterface" tests="3" failures="0" timestamp="20 Oct 2019 05:01:25 GMT" time="0.040" errors="0">
  <testcase name="test3" time="0.006" classname="collections.SetInterface"/>
  <testcase name="test1" time="0.033" classname="collections.SetInterface"/>
  <testcase name="test2" time="0.001" classname="collections.SetInterface"/>
</testsuite> <!-- collections.SetInterface -->
