<?xml version="1.0" encoding="UTF-8"?>
<!-- Generated by org.testng.reporters.JUnitReportReporter -->
<testsuite hostname="ganesh" name="collections.MapInterface" tests="1" failures="0" timestamp="20 Oct 2019 05:44:24 GMT" time="0.033" errors="0">
  <testcase name="test2" time="0.033" classname="collections.MapInterface"/>
</testsuite> <!-- collections.MapInterface -->
