<?xml version="1.0" encoding="UTF-8"?>
<!-- Generated by org.testng.reporters.JUnitReportReporter -->
<testsuite hostname="ganesh" name="collections.ListInterface" tests="1" failures="0" timestamp="20 Oct 2019 04:15:46 GMT" time="0.035" errors="0">
  <testcase name="test2" time="0.035" classname="collections.ListInterface"/>
</testsuite> <!-- collections.ListInterface -->
