<?xml version="1.0" encoding="UTF-8"?>
<!-- Generated by org.testng.reporters.JUnitReportReporter -->
<testsuite hostname="ganesh" name="BasicApiTesting.TC_GetEmployee_Details" tests="1" failures="0" timestamp="2 Nov 2019 06:32:45 GMT" time="5.470" errors="0">
  <testcase name="test1" time="5.470" classname="BasicApiTesting.TC_GetEmployee_Details"/>
</testsuite> <!-- BasicApiTesting.TC_GetEmployee_Details -->
