<?xml version="1.0" encoding="UTF-8"?>
<!-- Generated by org.testng.reporters.JUnitReportReporter -->
<testsuite hostname="ganesh" name="BasicApiTesting.TC_UpdateRecord" tests="1" failures="0" timestamp="2 Nov 2019 06:38:12 GMT" time="4.105" errors="0">
  <testcase name="test1" time="4.105" classname="BasicApiTesting.TC_UpdateRecord"/>
</testsuite> <!-- BasicApiTesting.TC_UpdateRecord -->
