<?xml version="1.0" encoding="UTF-8"?>
<!-- Generated by org.testng.reporters.JUnitReportReporter -->
<testsuite hostname="ganesh" name="BasicApiTesting.TC_DeleteRecord" tests="1" failures="0" timestamp="2 Nov 2019 06:42:01 GMT" time="3.929" errors="0">
  <testcase name="test1" time="3.929" classname="BasicApiTesting.TC_DeleteRecord"/>
</testsuite> <!-- BasicApiTesting.TC_DeleteRecord -->
