<?xml version="1.0" encoding="UTF-8"?>
<!-- Generated by org.testng.reporters.JUnitReportReporter -->
<testsuite hostname="ganesh" name="BasicApiTesting.TC_CreateRecord" tests="1" failures="0" timestamp="2 Nov 2019 06:30:46 GMT" time="4.745" errors="0">
  <testcase name="test1" time="4.745" classname="BasicApiTesting.TC_CreateRecord"/>
</testsuite> <!-- BasicApiTesting.TC_CreateRecord -->
